<?xml version="1.0" encoding="UTF-8"?>
<!-- Generated by org.testng.reporters.JUnitReportReporter -->
<testsuite hostname="Renu" failures="0" tests="1" name="testcases.LoginTest" time="13.604" errors="0" timestamp="2022-02-14T12:39:19 IST" skipped="0">
  <testcase classname="testcases.LoginTest" name="login" time="13.604"/>
  <system-out/>
</testsuite> <!-- testcases.LoginTest -->
